<?xml version="1.0" encoding="UTF-8"?>
<!-- Generated by org.testng.reporters.JUnitReportReporter -->
<testsuite skipped="0" hostname="LAPTOP-A11EL1IC" name="ImpPrograms.module1" tests="2" failures="0" timestamp="09 Feb 2020 14:00:47 GMT" time="0.016" errors="0">
  <testcase name="test1" time="0.016" classname="ImpPrograms.module1"/>
  <testcase name="test2" time="0.000" classname="ImpPrograms.module1"/>
</testsuite> <!-- ImpPrograms.module1 -->
