<?xml version="1.0" encoding="UTF-8"?>
<!-- Generated by org.testng.reporters.JUnitReportReporter -->
<testsuite skipped="0" hostname="LAPTOP-A11EL1IC" name="parameters.divide" tests="1" failures="0" timestamp="10 Feb 2020 03:55:38 GMT" time="0.002" errors="0">
  <testcase name="multiply" time="0.002" classname="parameters.divide"/>
</testsuite> <!-- parameters.divide -->
