<?xml version="1.0" encoding="UTF-8"?>
<!-- Generated by org.testng.reporters.JUnitReportReporter -->
<testsuite skipped="0" hostname="LAPTOP-A11EL1IC" name="ImpPrograms.BrokenLinks" tests="1" failures="0" timestamp="08 Feb 2020 19:13:07 GMT" time="24.122" errors="0">
  <testcase name="MyFirstTestNGTestCase" time="24.122" classname="ImpPrograms.BrokenLinks"/>
</testsuite> <!-- ImpPrograms.BrokenLinks -->
