<?xml version="1.0" encoding="UTF-8"?>
<!-- Generated by org.testng.reporters.JUnitReportReporter -->
<testsuite skipped="0" hostname="LAPTOP-A11EL1IC" name="com.techbeamers.testing.DynamicPrice1" tests="1" failures="0" timestamp="12 Feb 2020 09:36:05 GMT" time="119.626" errors="0">
  <testcase name="MyFirstTestNGTestCase" time="119.626" classname="com.techbeamers.testing.DynamicPrice1"/>
</testsuite> <!-- com.techbeamers.testing.DynamicPrice1 -->
