<?xml version="1.0" encoding="UTF-8"?>
<!-- Generated by org.testng.reporters.JUnitReportReporter -->
<testsuite skipped="0" hostname="LAPTOP-A11EL1IC" name="parameters.sum" tests="1" failures="0" timestamp="10 Feb 2020 03:55:38 GMT" time="0.014" errors="0">
  <testcase name="sum" time="0.014" classname="parameters.sum"/>
</testsuite> <!-- parameters.sum -->
