<?xml version="1.0" encoding="UTF-8"?>
<!-- Generated by org.testng.reporters.JUnitReportReporter -->
<testsuite skipped="0" hostname="LAPTOP-A11EL1IC" name="attribute.description" tests="6" failures="0" timestamp="09 Feb 2020 15:47:10 GMT" time="0.016" errors="0">
  <testcase name="testcase2" time="0.000" classname="attribute.description"/>
  <testcase name="testcase4" time="0.000" classname="attribute.description"/>
  <testcase name="testcase1" time="0.000" classname="attribute.description"/>
  <testcase name="testcase3" time="0.016" classname="attribute.description"/>
  <testcase name="testcase6" time="0.000" classname="attribute.description"/>
  <testcase name="testcase5" time="0.000" classname="attribute.description"/>
</testsuite> <!-- attribute.description -->
