<?xml version="1.0" encoding="UTF-8"?>
<!-- Generated by org.testng.reporters.JUnitReportReporter -->
<testsuite skipped="0" hostname="LAPTOP-A11EL1IC" name="TestListener.Testcase2" tests="1" failures="0" timestamp="10 Feb 2020 04:22:36 GMT" time="0.000" errors="0">
  <testcase name="test2" time="0.000" classname="TestListener.Testcase2"/>
</testsuite> <!-- TestListener.Testcase2 -->
