<?xml version="1.0" encoding="UTF-8"?>
<!-- Generated by org.testng.reporters.JUnitReportReporter -->
<testsuite skipped="0" hostname="LAPTOP-A11EL1IC" name="Example_TestNG_exclude.exclude$test" tests="5" failures="0" timestamp="09 Feb 2020 14:14:32 GMT" time="0.021" errors="0">
  <testcase name="WebLoginCarLoan" time="0.011" classname="Example_TestNG_exclude.exclude$test"/>
  <testcase name="MobileLoginCarLoan" time="0.004" classname="Example_TestNG_exclude.exclude$test"/>
  <testcase name="MobileLoginPersonalLoan" time="0.001" classname="Example_TestNG_exclude.exclude$test"/>
  <testcase name="MobileLoginHomeLoan" time="0.003" classname="Example_TestNG_exclude.exclude$test"/>
  <testcase name="LoginAPICarLoan" time="0.002" classname="Example_TestNG_exclude.exclude$test"/>
</testsuite> <!-- Example_TestNG_exclude.exclude$test -->
