<?xml version="1.0" encoding="UTF-8"?>
<!-- Generated by org.testng.reporters.JUnitReportReporter -->
<testsuite skipped="1" hostname="LAPTOP-A11EL1IC" name="attribute.Enabled" tests="3" failures="0" timestamp="09 Feb 2020 15:47:10 GMT" time="0.000" errors="0">
  <testcase name="c_language" time="0.000" classname="attribute.Enabled"/>
  <testcase name="java" time="0.000" classname="attribute.Enabled"/>
  <testcase name="jira" classname="attribute.Enabled">
    <skipped/>
  </testcase> <!-- jira -->
</testsuite> <!-- attribute.Enabled -->
