<?xml version="1.0" encoding="UTF-8"?>
<!-- Generated by org.testng.reporters.JUnitReportReporter -->
<testsuite skipped="0" hostname="LAPTOP-A11EL1IC" name="parameters.fruits" tests="2" failures="0" timestamp="10 Feb 2020 03:55:38 GMT" time="0.004" errors="0">
  <testcase name="fruit2" time="0.002" classname="parameters.fruits"/>
  <testcase name="fruit1" time="0.002" classname="parameters.fruits"/>
</testsuite> <!-- parameters.fruits -->
