<?xml version="1.0" encoding="UTF-8"?>
<!-- Generated by org.testng.reporters.JUnitReportReporter -->
<testsuite skipped="0" hostname="LAPTOP-A11EL1IC" name="Example_TestNG_exclude.include_exclude_groups" tests="2" failures="0" timestamp="09 Feb 2020 14:55:02 GMT" time="0.000" errors="0">
  <testcase name="test_case1" time="0.000" classname="Example_TestNG_exclude.include_exclude_groups"/>
  <testcase name="test_case2" time="0.000" classname="Example_TestNG_exclude.include_exclude_groups"/>
</testsuite> <!-- Example_TestNG_exclude.include_exclude_groups -->
