<?xml version="1.0" encoding="UTF-8"?>
<!-- Generated by org.testng.reporters.JUnitReportReporter -->
<testsuite skipped="0" hostname="LAPTOP-A11EL1IC" name="attribute.priority_Fruits" tests="3" failures="0" timestamp="09 Feb 2020 15:47:10 GMT" time="0.016" errors="0">
  <testcase name="mango" time="0.016" classname="attribute.priority_Fruits"/>
  <testcase name="watermelon" time="0.000" classname="attribute.priority_Fruits"/>
  <testcase name="apple" time="0.000" classname="attribute.priority_Fruits"/>
</testsuite> <!-- attribute.priority_Fruits -->
