<?xml version="1.0" encoding="UTF-8"?>
<!-- Generated by org.testng.reporters.JUnitReportReporter -->
<testsuite skipped="0" hostname="LAPTOP-A11EL1IC" name="parameters.vegetable" tests="2" failures="0" timestamp="10 Feb 2020 03:55:38 GMT" time="0.003" errors="0">
  <testcase name="veg2" time="0.002" classname="parameters.vegetable"/>
  <testcase name="veg1" time="0.001" classname="parameters.vegetable"/>
</testsuite> <!-- parameters.vegetable -->
