<?xml version="1.0" encoding="UTF-8"?>
<!-- Generated by org.testng.reporters.JUnitReportReporter -->
<testsuite skipped="0" hostname="LAPTOP-A11EL1IC" name="Example_TestNG_exclude.Car_loan" tests="1" failures="0" timestamp="09 Feb 2020 14:55:02 GMT" time="0.015" errors="0">
  <testcase name="APILoginCarLoan" time="0.015" classname="Example_TestNG_exclude.Car_loan"/>
</testsuite> <!-- Example_TestNG_exclude.Car_loan -->
