<?xml version="1.0" encoding="UTF-8"?>
<!-- Generated by org.testng.reporters.JUnitReportReporter -->
<testsuite skipped="0" hostname="LAPTOP-A11EL1IC" name="ImpPrograms.module4" tests="6" failures="0" timestamp="09 Feb 2020 14:00:47 GMT" time="0.000" errors="0">
  <testcase name="webLoginbikeloan" time="0.000" classname="ImpPrograms.module4"/>
  <testcase name="mobileLoginbikeloan" time="0.000" classname="ImpPrograms.module4"/>
  <testcase name="mobileLogin_activa_bikeloan" time="0.000" classname="ImpPrograms.module4"/>
  <testcase name="mobileLogin_scooty_bikeloan" time="0.000" classname="ImpPrograms.module4"/>
  <testcase name="mobileLogin_Deo_bikeloan" time="0.000" classname="ImpPrograms.module4"/>
  <testcase name="apiloginbikeloan" time="0.000" classname="ImpPrograms.module4"/>
</testsuite> <!-- ImpPrograms.module4 -->
