<?xml version="1.0" encoding="UTF-8"?>
<!-- Generated by org.testng.reporters.JUnitReportReporter -->
<testsuite skipped="1" hostname="LAPTOP-A11EL1IC" name="ImpPrograms.module3" tests="2" failures="0" timestamp="09 Feb 2020 14:00:47 GMT" time="0.000" errors="0">
  <testcase name="webLogincarloan" time="0.000" classname="ImpPrograms.module3"/>
  <testcase name="test9" classname="ImpPrograms.module3">
    <skipped/>
  </testcase> <!-- test9 -->
</testsuite> <!-- ImpPrograms.module3 -->
