<?xml version="1.0" encoding="UTF-8"?>
<!-- Generated by org.testng.reporters.JUnitReportReporter -->
<testsuite skipped="0" hostname="LAPTOP-A11EL1IC" name="com.techbeamers.testing.SeleniumWebdriverTest" tests="1" failures="0" timestamp="22 Jan 2020 03:39:13 GMT" time="13.117" errors="0">
  <testcase name="MyFirstTestNGTestCase" time="13.117" classname="com.techbeamers.testing.SeleniumWebdriverTest"/>
</testsuite> <!-- com.techbeamers.testing.SeleniumWebdriverTest -->
