<?xml version="1.0" encoding="UTF-8"?>
<!-- Generated by org.testng.reporters.JUnitReportReporter -->
<testsuite skipped="0" hostname="LAPTOP-A11EL1IC" name="attribute.groups_company" tests="2" failures="0" timestamp="09 Feb 2020 15:47:10 GMT" time="0.000" errors="0">
  <testcase name="wipro" time="0.000" classname="attribute.groups_company"/>
  <testcase name="infosys" time="0.000" classname="attribute.groups_company"/>
</testsuite> <!-- attribute.groups_company -->
