<?xml version="1.0" encoding="UTF-8"?>
<!-- Generated by org.testng.reporters.JUnitReportReporter -->
<testsuite skipped="1" hostname="LAPTOP-A11EL1IC" name="ImpPrograms.module2" tests="5" failures="0" timestamp="09 Feb 2020 14:00:47 GMT" time="0.000" errors="0">
  <testcase name="test4" time="0.000" classname="ImpPrograms.module2"/>
  <testcase name="test6" time="0.000" classname="ImpPrograms.module2"/>
  <testcase name="test3" time="0.000" classname="ImpPrograms.module2"/>
  <testcase name="test7" time="0.000" classname="ImpPrograms.module2"/>
  <testcase name="test5" classname="ImpPrograms.module2">
    <skipped/>
  </testcase> <!-- test5 -->
</testsuite> <!-- ImpPrograms.module2 -->
