<?xml version="1.0" encoding="UTF-8"?>
<!-- Generated by org.testng.reporters.JUnitReportReporter -->
<testsuite skipped="0" hostname="LAPTOP-A11EL1IC" name="com.techbeamers.testing.DynamicPrice" tests="1" failures="0" timestamp="12 Feb 2020 02:24:58 GMT" time="13.174" errors="0">
  <testcase name="MyFirstTestNGTestCase" time="13.174" classname="com.techbeamers.testing.DynamicPrice"/>
</testsuite> <!-- com.techbeamers.testing.DynamicPrice -->
